Snapshot at 5 timesteps
Population Size: 51
Average Fitness across Classifiers: 0.57
Average Specificity: 6.88
Macro Classifier Proportion: 0.29
Performance: 81.41


Snapshot at 5 timesteps
Population Size: 36
Average Fitness across Classifiers: 0.61
Average Specificity: 6.19
Macro Classifier Proportion: 0.39
Performance: 81.41


Snapshot at 5 timesteps
Population Size: 30
Average Fitness across Classifiers: 0.68
Average Specificity: 5.07
Macro Classifier Proportion: 0.40
Performance: 81.41


Snapshot at 5 timesteps
Population Size: 50
Average Fitness across Classifiers: 0.57
Average Specificity: 6.34
Macro Classifier Proportion: 0.42
Performance: 81.41


Snapshot at 5 timesteps
Population Size: 38
Average Fitness across Classifiers: 0.72
Average Specificity: 6.24
Macro Classifier Proportion: 0.39
Performance: 81.41


Snapshot at 5 timesteps
Population Size: 43
Average Fitness across Classifiers: 0.56
Average Specificity: 6.19
Macro Classifier Proportion: 0.63
Performance: 81.41


Snapshot at 5 timesteps
Population Size: 42
Average Fitness across Classifiers: 0.64
Average Specificity: 5.29
Macro Classifier Proportion: 0.50
Performance: 81.41


Snapshot at 5 timesteps
Population Size: 56
Average Fitness across Classifiers: 0.52
Average Specificity: 6.59
Macro Classifier Proportion: 0.38
Performance: 81.41


Snapshot at 5 timesteps
Population Size: 53
Average Fitness across Classifiers: 0.67
Average Specificity: 6.62
Macro Classifier Proportion: 0.49
Performance: 81.41


Snapshot at 5 timesteps
Population Size: 44
Average Fitness across Classifiers: 0.60
Average Specificity: 5.70
Macro Classifier Proportion: 0.45
Performance: 81.41


