Snapshot at 10 timesteps
Population Size: 75
Average Fitness across Classifiers: 0.56
Average Specificity: 6.61
Macro Classifier Proportion: 0.32
Performance: 81.41


Snapshot at 10 timesteps
Population Size: 55
Average Fitness across Classifiers: 0.63
Average Specificity: 6.27
Macro Classifier Proportion: 0.40
Performance: 81.41


Snapshot at 10 timesteps
Population Size: 46
Average Fitness across Classifiers: 0.67
Average Specificity: 4.96
Macro Classifier Proportion: 0.41
Performance: 81.41


Snapshot at 10 timesteps
Population Size: 76
Average Fitness across Classifiers: 0.58
Average Specificity: 6.30
Macro Classifier Proportion: 0.49
Performance: 81.41


Snapshot at 10 timesteps
Population Size: 59
Average Fitness across Classifiers: 0.71
Average Specificity: 6.19
Macro Classifier Proportion: 0.44
Performance: 81.41


Snapshot at 10 timesteps
Population Size: 59
Average Fitness across Classifiers: 0.56
Average Specificity: 6.02
Macro Classifier Proportion: 0.54
Performance: 81.41


Snapshot at 10 timesteps
Population Size: 59
Average Fitness across Classifiers: 0.57
Average Specificity: 5.24
Macro Classifier Proportion: 0.39
Performance: 81.41


Snapshot at 10 timesteps
Population Size: 82
Average Fitness across Classifiers: 0.53
Average Specificity: 6.54
Macro Classifier Proportion: 0.38
Performance: 81.41


Snapshot at 10 timesteps
Population Size: 69
Average Fitness across Classifiers: 0.61
Average Specificity: 6.68
Macro Classifier Proportion: 0.45
Performance: 81.41


Snapshot at 10 timesteps
Population Size: 62
Average Fitness across Classifiers: 0.68
Average Specificity: 5.79
Macro Classifier Proportion: 0.45
Performance: 81.41


