Snapshot at 2500 timesteps
Population Size: 20
Average Fitness across Classifiers: 0.46
Average Specificity: 6.95
Macro Classifier Proportion: 0.35
Performance: 1.01


Snapshot at 2500 timesteps
Population Size: 0
Average Fitness across Classifiers: 0.00
Average Specificity: NaN
Macro Classifier Proportion: 0.00
Performance: 1.01


Snapshot at 2500 timesteps
Population Size: 0
Average Fitness across Classifiers: 0.00
Average Specificity: NaN
Macro Classifier Proportion: 0.00
Performance: 1.01


Snapshot at 2500 timesteps
Population Size: 0
Average Fitness across Classifiers: 0.00
Average Specificity: NaN
Macro Classifier Proportion: 0.00
Performance: 1.01


Snapshot at 2500 timesteps
Population Size: 0
Average Fitness across Classifiers: 0.00
Average Specificity: NaN
Macro Classifier Proportion: 0.00
Performance: 1.01


Snapshot at 2500 timesteps
Population Size: 0
Average Fitness across Classifiers: 0.00
Average Specificity: NaN
Macro Classifier Proportion: 0.00
Performance: 1.01


Snapshot at 2500 timesteps
Population Size: 0
Average Fitness across Classifiers: 0.00
Average Specificity: NaN
Macro Classifier Proportion: 0.00
Performance: 1.01


Snapshot at 2500 timesteps
Population Size: 0
Average Fitness across Classifiers: 0.00
Average Specificity: NaN
Macro Classifier Proportion: 0.00
Performance: 1.01


Snapshot at 2500 timesteps
Population Size: 0
Average Fitness across Classifiers: 0.00
Average Specificity: NaN
Macro Classifier Proportion: 0.00
Performance: 1.01


Snapshot at 2500 timesteps
Population Size: 0
Average Fitness across Classifiers: 0.00
Average Specificity: NaN
Macro Classifier Proportion: 0.00
Performance: 1.01


